info it worked if it ends with ok
verbose cli [ 'node', '/usr/local/bin/npm', 'test' ]
info using npm@1.1.1
info using node@v0.6.10
verbose /usr/local/bin/node node symlink
verbose config file /Users/Daniele/.npmrc
verbose config file /usr/local/etc/npmrc
verbose config file /usr/local/lib/node_modules/npm/npmrc
verbose caching /Users/Daniele/Documents/panemerkille_server/package.json
verbose loadDefaults api-easy-tests@0.1.0
verbose run-script [ 'pretest', 'test', 'posttest' ]
info pretest api-easy-tests@0.1.0
info test api-easy-tests@0.1.0
verbose unsafe-perm in lifecycle true
silly exec sh "-c" "vows tests/*-test.js --spec"
silly spawning [ 'sh',
silly spawning   [ '-c', 'vows tests/*-test.js --spec' ],
silly spawning   '/Users/Daniele/Documents/panemerkille_server' ]
info api-easy-tests@0.1.0 Failed to exec test script
ERR! api-easy-tests@0.1.0 test: `vows tests/*-test.js --spec`
ERR! `sh "-c" "vows tests/*-test.js --spec"` failed with 1
ERR! 
ERR! Failed at the api-easy-tests@0.1.0 test script.
ERR! This is most likely a problem with the api-easy-tests package,
ERR! not with npm itself.
ERR! Tell the author that this fails on your system:
ERR!     vows tests/*-test.js --spec
ERR! You can get their info via:
ERR!     npm owner ls api-easy-tests
ERR! There is likely additional logging output above.
ERR! 
ERR! System Darwin 11.3.0
ERR! command "node" "/usr/local/bin/npm" "test"
ERR! cwd /Users/Daniele/Documents/panemerkille_server
ERR! node -v v0.6.10
ERR! npm -v 1.1.1
ERR! code ELIFECYCLE
ERR! message api-easy-tests@0.1.0 test: `vows tests/*-test.js --spec`
ERR! message `sh "-c" "vows tests/*-test.js --spec"` failed with 1
ERR! errno {}
verbose exit [ 1, true ]
